<?xml version="1.0" encoding="UTF-8"?>
<!-- Generated by org.testng.reporters.JUnitReportReporter -->
<testsuite skipped="0" hostname="ip-172-31-11-193" name="restapi.GetRequest" tests="1" failures="0" timestamp="19 Mar 2021 07:13:14 GMT" time="1.496" errors="0">
  <testcase name="test1" time="1.496" classname="restapi.GetRequest"/>
</testsuite> <!-- restapi.GetRequest -->
